0 info it worked if it ends with ok
1 verbose cli [ '/home/santi/bin/node', '/home/santi/bin/npm', 'run', 'build' ]
2 info using npm@4.0.5
3 info using node@v7.4.0
4 warn invalid config init-author-url="doyoubuzz.com/santiago-de-leon"
5 warn invalid config Must be a full url with 'http://'
6 verbose run-script [ 'prebuild', 'build', 'postbuild' ]
7 info lifecycle react-flat@1.0.0~prebuild: react-flat@1.0.0
8 silly lifecycle react-flat@1.0.0~prebuild: no script for prebuild, continuing
9 info lifecycle react-flat@1.0.0~build: react-flat@1.0.0
10 verbose lifecycle react-flat@1.0.0~build: unsafe-perm in lifecycle true
11 verbose lifecycle react-flat@1.0.0~build: PATH: /home/santi/lib/node_modules/npm/bin/node-gyp-bin:/home/santi/react_projects/react-flat/node_modules/.bin:/home/santi/react_projects/react-flat/node_modules/.bin:/home/santi/.config/yarn/link/node_modules/.bin:/home/santi/react_projects/react-flat/node_modules/.bin:/home/santi/.config/yarn/link/node_modules/.bin:/home/santi/lib/node_modules/yarn/bin/node-gyp-bin:/usr/local/heroku/bin:/home/santi/bin:/home/santi/programs/netkit/bin:/home/santi/bin:/home/santi/programs/netkit/bin:/usr/local/heroku/bin:/home/santi/bin:/home/santi/programs/netkit/bin:/home/santi/bin:/usr/local/bin:/usr/bin:/bin:/usr/bin/X11:/usr/games:/home/santi/.cabal/bin:/home/santi/programs/elixir/bin:/home/santi/.go/bin:/home/santi/Android/Sdk//tools:/home/santi/Android/Sdk//platform-tools:/home/santi/.gems/bin:/home/santi/.cabal/bin:/home/santi/programs/elixir/bin:/home/santi/.go/bin:/home/santi/Android/Sdk//tools:/home/santi/Android/Sdk//platform-tools:/home/santi/.gems/bin:/home/santi/.cabal/bin:/home/santi/programs/elixir/bin:/home/santi/.go/bin:/home/santi/Android/Sdk//tools:/home/santi/Android/Sdk//platform-tools:/home/santi/.gems/bin
12 verbose lifecycle react-flat@1.0.0~build: CWD: /home/santi/react_projects/react-flat
13 silly lifecycle react-flat@1.0.0~build: Args: [ '-c',
13 silly lifecycle   'node_modules/babel-cli/bin/babel.js src --out-dir lib' ]
14 info lifecycle react-flat@1.0.0~build: Failed to exec build script
15 verbose stack Error: react-flat@1.0.0 build: `node_modules/babel-cli/bin/babel.js src --out-dir lib`
15 verbose stack spawn ENOENT
15 verbose stack     at ChildProcess.<anonymous> (/home/santi/lib/node_modules/npm/lib/utils/spawn.js:33:16)
15 verbose stack     at emitTwo (events.js:106:13)
15 verbose stack     at ChildProcess.emit (events.js:191:7)
15 verbose stack     at maybeClose (internal/child_process.js:885:16)
15 verbose stack     at Process.ChildProcess._handle.onexit (internal/child_process.js:226:5)
16 verbose pkgid react-flat@1.0.0
17 verbose cwd /home/santi/react_projects/react-flat
18 error Linux 4.1.38-47-default
19 error argv "/home/santi/bin/node" "/home/santi/bin/npm" "run" "build"
20 error node v7.4.0
21 error npm  v4.0.5
22 error file sh
23 error code ELIFECYCLE
24 error errno ENOENT
25 error syscall spawn
26 error react-flat@1.0.0 build: `node_modules/babel-cli/bin/babel.js src --out-dir lib`
26 error spawn ENOENT
27 error Failed at the react-flat@1.0.0 build script 'node_modules/babel-cli/bin/babel.js src --out-dir lib'.
27 error Make sure you have the latest version of node.js and npm installed.
27 error If you do, this is most likely a problem with the react-flat package,
27 error not with npm itself.
27 error Tell the author that this fails on your system:
27 error     node_modules/babel-cli/bin/babel.js src --out-dir lib
27 error You can get information on how to open an issue for this project with:
27 error     npm bugs react-flat
27 error Or if that isn't available, you can get their info via:
27 error     npm owner ls react-flat
27 error There is likely additional logging output above.
28 verbose exit [ 1, true ]
